#
# There is insufficient memory for the Java Runtime Environment to continue.
# Native memory allocation (mmap) failed to map 1048576 bytes for G1 virtual space
# Possible reasons:
#   The system is out of physical RAM or swap space
#   The process is running with CompressedOops enabled, and the Java Heap may be blocking the growth of the native heap
# Possible solutions:
#   Reduce memory load on the system
#   Increase physical memory or swap space
#   Check if swap backing store is full
#   Decrease Java heap size (-Xmx/-Xms)
#   Decrease number of Java threads
#   Decrease Java thread stack sizes (-Xss)
#   Set larger code cache with -XX:ReservedCodeCacheSize=
#   JVM is running with Unscaled Compressed Oops mode in which the Java heap is
#     placed in the first 4GB address space. The Java Heap base address is the
#     maximum limit for the native heap growth. Please use -XX:HeapBaseMinAddress
#     to set the Java Heap base and to place the Java Heap above 4GB virtual address.
# This output file may be truncated or incomplete.
#
#  Out of Memory Error (os_windows.cpp:3548), pid=8828, tid=10116
#
# JRE version: OpenJDK Runtime Environment Temurin-17.0.5+8 (17.0.5+8) (build 17.0.5+8)
# Java VM: OpenJDK 64-Bit Server VM Temurin-17.0.5+8 (17.0.5+8, mixed mode, emulated-client, tiered, compressed oops, compressed class ptrs, g1 gc, windows-amd64)
# No core dump will be written. Minidumps are not enabled by default on client versions of Windows
#

---------------  S U M M A R Y ------------

Command Line: -Dcom.sun.management.jmxremote -Dcom.sun.management.jmxremote.port=63712 -Dcom.sun.management.jmxremote.authenticate=false -Dcom.sun.management.jmxremote.ssl=false -Djava.rmi.server.hostname=localhost -Dspring.jmx.enabled=true -Dmanagement.endpoints.jmx.exposure.include=* -Dspring.application.admin.enabled=true -XX:TieredStopAtLevel=1 -Dspring.boot.project.name=cmoff -Dfile.encoding=UTF-8 -XX:+ShowCodeDetailsInExceptionMessages com.indra.cmoff.MsCmoffApplication --spring.output.ansi.enabled=always

Host: AMD Phenom(tm) II X4 850 Processor, 4 cores, 7G,  Windows 10 , 64 bit Build 19041 (10.0.19041.2913)
Time: Fri Jun  2 17:35:49 2023 Hora est. Pacífico, Sudamérica elapsed time: 8027.706874 seconds (0d 2h 13m 47s)

---------------  T H R E A D  ---------------

Current thread (0x0000029f7ea497a0):  VMThread "VM Thread" [stack: 0x000000e5e8500000,0x000000e5e8600000] [id=10116]

Stack: [0x000000e5e8500000,0x000000e5e8600000]
Native frames: (J=compiled Java code, j=interpreted, Vv=VM code, C=native code)
V  [jvm.dll+0x676b3a]
V  [jvm.dll+0x831444]
V  [jvm.dll+0x832bee]
V  [jvm.dll+0x833253]
V  [jvm.dll+0x244ce5]
V  [jvm.dll+0x673a49]
V  [jvm.dll+0x66811a]
V  [jvm.dll+0x303ceb]
V  [jvm.dll+0x30b1e6]
V  [jvm.dll+0x35adbe]
V  [jvm.dll+0x35afef]
V  [jvm.dll+0x2dab88]
V  [jvm.dll+0x2ddc16]
V  [jvm.dll+0x2e82d8]
V  [jvm.dll+0x31c530]
V  [jvm.dll+0x8376fb]
V  [jvm.dll+0x838434]
V  [jvm.dll+0x83894c]
V  [jvm.dll+0x838d24]
V  [jvm.dll+0x838df0]
V  [jvm.dll+0x7e17ea]
V  [jvm.dll+0x6759e5]
C  [ucrtbase.dll+0x21bb2]
C  [KERNEL32.DLL+0x17614]
C  [ntdll.dll+0x526a1]

VM_Operation (0x000000e5e81ffa30): G1Concurrent, mode: safepoint, requested by thread 0x0000029f7d9fa990


---------------  P R O C E S S  ---------------

Threads class SMR info:
_java_thread_list=0x0000029f10c36590, length=23, elements={
0x0000029f7ea6d4f0, 0x0000029f7ea70ca0, 0x0000029f7ea55920, 0x0000029f7ea563e0,
0x0000029f7ea56ca0, 0x0000029f7ea57560, 0x0000029f7ea57ed0, 0x0000029f7f44c9c0,
0x0000029f7e9d7450, 0x0000029f7f5d1c10, 0x0000029f7fc1ca90, 0x0000029f7fc174c0,
0x0000029f7fdd0c30, 0x0000029f7fdd14b0, 0x0000029f0d4b5dc0, 0x0000029f108f88e0,
0x0000029f108f8db0, 0x0000029f108f9c20, 0x0000029f108faf60, 0x0000029f108f5d90,
0x0000029f108fb430, 0x0000029f102d12c0, 0x0000029f7fff5b10
}

Java Threads: ( => current thread )
  0x0000029f7ea6d4f0 JavaThread "Reference Handler" daemon [_thread_blocked, id=276, stack(0x000000e5e8600000,0x000000e5e8700000)]
  0x0000029f7ea70ca0 JavaThread "Finalizer" daemon [_thread_blocked, id=7460, stack(0x000000e5e8700000,0x000000e5e8800000)]
  0x0000029f7ea55920 JavaThread "Signal Dispatcher" daemon [_thread_blocked, id=9756, stack(0x000000e5e8800000,0x000000e5e8900000)]
  0x0000029f7ea563e0 JavaThread "Attach Listener" daemon [_thread_blocked, id=9388, stack(0x000000e5e8900000,0x000000e5e8a00000)]
  0x0000029f7ea56ca0 JavaThread "Service Thread" daemon [_thread_blocked, id=8420, stack(0x000000e5e8a00000,0x000000e5e8b00000)]
  0x0000029f7ea57560 JavaThread "Monitor Deflation Thread" daemon [_thread_blocked, id=11172, stack(0x000000e5e8b00000,0x000000e5e8c00000)]
  0x0000029f7ea57ed0 JavaThread "C1 CompilerThread0" daemon [_thread_blocked, id=5148, stack(0x000000e5e8c00000,0x000000e5e8d00000)]
  0x0000029f7f44c9c0 JavaThread "Sweeper thread" daemon [_thread_blocked, id=1500, stack(0x000000e5e8d00000,0x000000e5e8e00000)]
  0x0000029f7e9d7450 JavaThread "Common-Cleaner" daemon [_thread_blocked, id=4004, stack(0x000000e5e8e00000,0x000000e5e8f00000)]
  0x0000029f7f5d1c10 JavaThread "Notification Thread" daemon [_thread_blocked, id=3332, stack(0x000000e5e9000000,0x000000e5e9100000)]
  0x0000029f7fc1ca90 JavaThread "RMI TCP Accept-0" daemon [_thread_in_native, id=2068, stack(0x000000e5e9200000,0x000000e5e9300000)]
  0x0000029f7fc174c0 JavaThread "RMI TCP Accept-63712" daemon [_thread_in_native, id=10464, stack(0x000000e5e9300000,0x000000e5e9400000)]
  0x0000029f7fdd0c30 JavaThread "RMI Scheduler(0)" daemon [_thread_blocked, id=10612, stack(0x000000e5e9500000,0x000000e5e9600000)]
  0x0000029f7fdd14b0 JavaThread "RMI TCP Accept-0" daemon [_thread_in_native, id=8276, stack(0x000000e5e9600000,0x000000e5e9700000)]
  0x0000029f0d4b5dc0 JavaThread "Live Reload Server" daemon [_thread_in_native, id=8824, stack(0x000000e5ea800000,0x000000e5ea900000)]
  0x0000029f108f88e0 JavaThread "DestroyJavaVM" [_thread_blocked, id=2836, stack(0x000000e5e7f00000,0x000000e5e8000000)]
  0x0000029f108f8db0 JavaThread "Thread-5" [_thread_blocked, id=8592, stack(0x000000e5e7c00000,0x000000e5e7d00000)]
  0x0000029f108f9c20 JavaThread "File Watcher" daemon [_thread_blocked, id=6780, stack(0x000000e5e7e00000,0x000000e5e7f00000)]
  0x0000029f108faf60 JavaThread "restartedMain" [_thread_blocked, id=10580, stack(0x000000e5e8f00000,0x000000e5e9000000)]
  0x0000029f108f5d90 JavaThread "HikariPool-2 housekeeper" daemon [_thread_blocked, id=11468, stack(0x000000e5e9100000,0x000000e5e9200000)]
  0x0000029f108fb430 JavaThread "HikariPool-2 connection adder" daemon [_thread_blocked, id=12068, stack(0x000000e5e9400000,0x000000e5e9500000)]
  0x0000029f102d12c0 JavaThread "C1 CompilerThread1" daemon [_thread_blocked, id=5244, stack(0x000000e5e9800000,0x000000e5e9900000)]
  0x0000029f7fff5b10 JavaThread "C1 CompilerThread2" daemon [_thread_blocked, id=10104, stack(0x000000e5e9e00000,0x000000e5e9f00000)]

Other Threads:
=>0x0000029f7ea497a0 VMThread "VM Thread" [stack: 0x000000e5e8500000,0x000000e5e8600000] [id=10116]
  0x0000029f7d98bac0 WatcherThread [stack: 0x000000e5e9700000,0x000000e5e9800000] [id=2464]
  0x0000029f7d9e9b40 GCTaskThread "GC Thread#0" [stack: 0x000000e5e8000000,0x000000e5e8100000] [id=5512]
  0x0000029f7fdf64f0 GCTaskThread "GC Thread#1" [stack: 0x000000e5e9900000,0x000000e5e9a00000] [id=5252]
  0x0000029f7fdf6bb0 GCTaskThread "GC Thread#2" [stack: 0x000000e5e9a00000,0x000000e5e9b00000] [id=10836]
  0x0000029f7fe155a0 GCTaskThread "GC Thread#3" [stack: 0x000000e5e9b00000,0x000000e5e9c00000] [id=10300]
  0x0000029f7d9fa990 ConcurrentGCThread "G1 Main Marker" [stack: 0x000000e5e8100000,0x000000e5e8200000] [id=10476]
  0x0000029f7d9fba50 ConcurrentGCThread "G1 Conc#0" [stack: 0x000000e5e8200000,0x000000e5e8300000] [id=748]
  0x0000029f7da4eb00 ConcurrentGCThread "G1 Refine#0" [stack: 0x000000e5e8300000,0x000000e5e8400000] [id=8956]
  0x0000029f7fe04cd0 ConcurrentGCThread "G1 Refine#1" [stack: 0x000000e5e9c00000,0x000000e5e9d00000] [id=2156]
  0x0000029f7fe002b0 ConcurrentGCThread "G1 Refine#2" [stack: 0x000000e5e9d00000,0x000000e5e9e00000] [id=1860]
  0x0000029f7e8a4610 ConcurrentGCThread "G1 Service" [stack: 0x000000e5e8400000,0x000000e5e8500000] [id=1660]

Threads with active compile tasks:

VM state: at safepoint (normal execution)

VM Mutex/Monitor currently owned by a thread:  ([mutex/lock_event])
[0x0000029f7d9843a0] Threads_lock - owner thread: 0x0000029f7ea497a0
[0x0000029f7d9860e0] Heap_lock - owner thread: 0x0000029f7d9fa990

Heap address: 0x0000000080000000, size: 2048 MB, Compressed Oops mode: 32-bit

CDS archive(s) not mapped
Compressed class space mapped at: 0x0000000100000000-0x0000000140000000, reserved size: 1073741824
Narrow klass base: 0x0000000000000000, Narrow klass shift: 3, Narrow klass range: 0x140000000

GC Precious Log:
 CPUs: 4 total, 4 available
 Memory: 8190M
 Large Page Support: Disabled
 NUMA Support: Disabled
 Compressed Oops: Enabled (32-bit)
 Heap Region Size: 1M
 Heap Min Capacity: 8M
 Heap Initial Capacity: 128M
 Heap Max Capacity: 2G
 Pre-touch: Disabled
 Parallel Workers: 4
 Concurrent Workers: 1
 Concurrent Refinement Workers: 4
 Periodic GC: Disabled

Heap:
 garbage-first heap   total 95232K, used 53505K [0x0000000080000000, 0x0000000100000000)
  region size 1024K, 12 young (12288K), 2 survivors (2048K)
 Metaspace       used 74022K, committed 74688K, reserved 1114112K
  class space    used 9932K, committed 10240K, reserved 1048576K

Heap Regions: E=young(eden), S=young(survivor), O=old, HS=humongous(starts), HC=humongous(continues), CS=collection set, F=free, OA=open archive, CA=closed archive, TAMS=top-at-mark-start (previous, next)
|   0|0x0000000080000000, 0x0000000080100000, 0x0000000080100000|100%|HS|  |TAMS 0x0000000080100000, 0x0000000080000000| Updating 
|   1|0x0000000080100000, 0x0000000080200000, 0x0000000080200000|100%| O|  |TAMS 0x0000000080200000, 0x0000000080100000| Untracked 
|   2|0x0000000080200000, 0x00000000802fffb8, 0x0000000080300000| 99%| O|  |TAMS 0x00000000802fffb8, 0x0000000080200000| Untracked 
|   3|0x0000000080300000, 0x0000000080400000, 0x0000000080400000|100%| O|  |TAMS 0x0000000080400000, 0x0000000080300000| Untracked 
|   4|0x0000000080400000, 0x00000000804ffff8, 0x0000000080500000| 99%| O|  |TAMS 0x00000000804ffff8, 0x0000000080400000| Untracked 
|   5|0x0000000080500000, 0x00000000805f5e80, 0x0000000080600000| 96%| O|  |TAMS 0x00000000805f5e80, 0x0000000080500000| Untracked 
|   6|0x0000000080600000, 0x0000000080700000, 0x0000000080700000|100%| O|  |TAMS 0x0000000080700000, 0x0000000080600000| Untracked 
|   7|0x0000000080700000, 0x00000000807ffff8, 0x0000000080800000| 99%| O|  |TAMS 0x00000000807ffff8, 0x0000000080700000| Untracked 
|   8|0x0000000080800000, 0x00000000808fffe8, 0x0000000080900000| 99%| O|  |TAMS 0x00000000808fffe8, 0x0000000080800000| Untracked 
|   9|0x0000000080900000, 0x00000000809fffe8, 0x0000000080a00000| 99%| O|  |TAMS 0x00000000809fffe8, 0x0000000080900000| Untracked 
|  10|0x0000000080a00000, 0x0000000080aece00, 0x0000000080b00000| 92%| O|  |TAMS 0x0000000080aece00, 0x0000000080a00000| Untracked 
|  11|0x0000000080b00000, 0x0000000080bfffd0, 0x0000000080c00000| 99%| O|  |TAMS 0x0000000080bfffd0, 0x0000000080b00000| Untracked 
|  12|0x0000000080c00000, 0x0000000080d00000, 0x0000000080d00000|100%| O|  |TAMS 0x0000000080d00000, 0x0000000080c00000| Updating 
|  13|0x0000000080d00000, 0x0000000080e00000, 0x0000000080e00000|100%| O|  |TAMS 0x0000000080e00000, 0x0000000080d00000| Updating 
|  14|0x0000000080e00000, 0x0000000080effff8, 0x0000000080f00000| 99%| O|  |TAMS 0x0000000080effff8, 0x0000000080e00000| Untracked 
|  15|0x0000000080f00000, 0x0000000081000000, 0x0000000081000000|100%| O|  |TAMS 0x0000000081000000, 0x0000000080f00000| Updating 
|  16|0x0000000081000000, 0x0000000081100000, 0x0000000081100000|100%| O|  |TAMS 0x0000000081100000, 0x0000000081000000| Updating 
|  17|0x0000000081100000, 0x00000000811fffb0, 0x0000000081200000| 99%| O|  |TAMS 0x00000000811fffb0, 0x0000000081100000| Updating 
|  18|0x0000000081200000, 0x0000000081300000, 0x0000000081300000|100%| O|  |TAMS 0x0000000081300000, 0x0000000081200000| Updating 
|  19|0x0000000081300000, 0x0000000081400000, 0x0000000081400000|100%| O|  |TAMS 0x0000000081400000, 0x0000000081300000| Untracked 
|  20|0x0000000081400000, 0x00000000814ffff8, 0x0000000081500000| 99%| O|  |TAMS 0x00000000814ffff8, 0x0000000081400000| Untracked 
|  21|0x0000000081500000, 0x00000000815ffff0, 0x0000000081600000| 99%| O|  |TAMS 0x00000000815ffff0, 0x0000000081500000| Untracked 
|  22|0x0000000081600000, 0x00000000816ffff0, 0x0000000081700000| 99%| O|  |TAMS 0x00000000816ffff0, 0x0000000081600000| Untracked 
|  23|0x0000000081700000, 0x00000000817ffff8, 0x0000000081800000| 99%| O|  |TAMS 0x00000000817ffff8, 0x0000000081700000| Untracked 
|  24|0x0000000081800000, 0x0000000081900000, 0x0000000081900000|100%| O|  |TAMS 0x0000000081900000, 0x0000000081800000| Untracked 
|  25|0x0000000081900000, 0x00000000819aad80, 0x0000000081a00000| 66%| O|  |TAMS 0x00000000819aad80, 0x0000000081900000| Updating 
|  26|0x0000000081a00000, 0x0000000081affff0, 0x0000000081b00000| 99%| O|  |TAMS 0x0000000081affff0, 0x0000000081a00000| Untracked 
|  27|0x0000000081b00000, 0x0000000081c00000, 0x0000000081c00000|100%| O|  |TAMS 0x0000000081c00000, 0x0000000081b00000| Updating 
|  28|0x0000000081c00000, 0x0000000081cfffc0, 0x0000000081d00000| 99%| O|  |TAMS 0x0000000081cfffc0, 0x0000000081c00000| Untracked 
|  29|0x0000000081d00000, 0x0000000081dffff8, 0x0000000081e00000| 99%| O|  |TAMS 0x0000000081dffff8, 0x0000000081d00000| Untracked 
|  30|0x0000000081e00000, 0x0000000081efffc0, 0x0000000081f00000| 99%| O|  |TAMS 0x0000000081efffc0, 0x0000000081e00000| Untracked 
|  31|0x0000000081f00000, 0x0000000081ffffe8, 0x0000000082000000| 99%| O|  |TAMS 0x0000000081ffffe8, 0x0000000081f00000| Updating 
|  32|0x0000000082000000, 0x0000000082004388, 0x0000000082100000|  1%| O|  |TAMS 0x0000000082004388, 0x0000000082000000| Updating 
|  33|0x0000000082100000, 0x0000000082200000, 0x0000000082200000|100%| O|  |TAMS 0x0000000082200000, 0x0000000082100000| Updating 
|  34|0x0000000082200000, 0x0000000082300000, 0x0000000082300000|100%| O|  |TAMS 0x0000000082300000, 0x0000000082200000| Updating 
|  35|0x0000000082300000, 0x0000000082400000, 0x0000000082400000|100%| O|  |TAMS 0x0000000082400000, 0x0000000082300000| Updating 
|  36|0x0000000082400000, 0x0000000082500000, 0x0000000082500000|100%| O|  |TAMS 0x0000000082500000, 0x0000000082400000| Updating 
|  37|0x0000000082500000, 0x0000000082600000, 0x0000000082600000|100%| O|  |TAMS 0x0000000082600000, 0x0000000082500000| Untracked 
|  38|0x0000000082600000, 0x0000000082700000, 0x0000000082700000|100%| O|  |TAMS 0x0000000082700000, 0x0000000082600000| Updating 
|  39|0x0000000082700000, 0x0000000082800000, 0x0000000082800000|100%| O|  |TAMS 0x0000000082800000, 0x0000000082700000| Untracked 
|  40|0x0000000082800000, 0x0000000082900000, 0x0000000082900000|100%| O|  |TAMS 0x0000000082900000, 0x0000000082800000| Untracked 
|  41|0x0000000082900000, 0x0000000082a00000, 0x0000000082a00000|100%| O|  |TAMS 0x0000000082a00000, 0x0000000082900000| Untracked 
|  42|0x0000000082a00000, 0x0000000082b00000, 0x0000000082b00000|100%| O|  |TAMS 0x0000000082b00000, 0x0000000082a00000| Untracked 
|  43|0x0000000082b00000, 0x0000000082b45400, 0x0000000082c00000| 27%| O|  |TAMS 0x0000000082b45208, 0x0000000082b00000| Updating 
|  44|0x0000000082c00000, 0x0000000082c00000, 0x0000000082d00000|  0%| F|  |TAMS 0x0000000082c00000, 0x0000000082c00000| Untracked 
|  45|0x0000000082d00000, 0x0000000082d00000, 0x0000000082e00000|  0%| F|  |TAMS 0x0000000082d00000, 0x0000000082d00000| Untracked 
|  46|0x0000000082e00000, 0x0000000082e00000, 0x0000000082f00000|  0%| F|  |TAMS 0x0000000082e00000, 0x0000000082e00000| Untracked 
|  47|0x0000000082f00000, 0x0000000082f00000, 0x0000000083000000|  0%| F|  |TAMS 0x0000000082f00000, 0x0000000082f00000| Untracked 
|  48|0x0000000083000000, 0x0000000083000000, 0x0000000083100000|  0%| F|  |TAMS 0x0000000083000000, 0x0000000083000000| Untracked 
|  49|0x0000000083100000, 0x0000000083100000, 0x0000000083200000|  0%| F|  |TAMS 0x0000000083100000, 0x0000000083100000| Untracked 
|  50|0x0000000083200000, 0x0000000083200000, 0x0000000083300000|  0%| F|  |TAMS 0x0000000083200000, 0x0000000083200000| Untracked 
|  51|0x0000000083300000, 0x0000000083300000, 0x0000000083400000|  0%| F|  |TAMS 0x0000000083300000, 0x0000000083300000| Untracked 
|  52|0x0000000083400000, 0x0000000083400000, 0x0000000083500000|  0%| F|  |TAMS 0x0000000083400000, 0x0000000083400000| Untracked 
|  53|0x0000000083500000, 0x0000000083500000, 0x0000000083600000|  0%| F|  |TAMS 0x0000000083500000, 0x0000000083500000| Untracked 
|  54|0x0000000083600000, 0x0000000083600000, 0x0000000083700000|  0%| F|  |TAMS 0x0000000083600000, 0x0000000083600000| Untracked 
|  55|0x0000000083700000, 0x0000000083700000, 0x0000000083800000|  0%| F|  |TAMS 0x0000000083700000, 0x0000000083700000| Untracked 
|  56|0x0000000083800000, 0x0000000083800000, 0x0000000083900000|  0%| F|  |TAMS 0x0000000083800000, 0x0000000083800000| Untracked 
|  57|0x0000000083900000, 0x0000000083900000, 0x0000000083a00000|  0%| F|  |TAMS 0x0000000083900000, 0x0000000083900000| Untracked 
|  58|0x0000000083a00000, 0x0000000083a69588, 0x0000000083b00000| 41%| S|CS|TAMS 0x0000000083a00000, 0x0000000083a00000| Complete 
|  59|0x0000000083b00000, 0x0000000083c00000, 0x0000000083c00000|100%| S|CS|TAMS 0x0000000083b00000, 0x0000000083b00000| Complete 
|  60|0x0000000083c00000, 0x0000000083c00000, 0x0000000083d00000|  0%| F|  |TAMS 0x0000000083c00000, 0x0000000083c00000| Untracked 
|  61|0x0000000083d00000, 0x0000000083d00000, 0x0000000083e00000|  0%| F|  |TAMS 0x0000000083d00000, 0x0000000083d00000| Untracked 
|  62|0x0000000083e00000, 0x0000000083e00000, 0x0000000083f00000|  0%| F|  |TAMS 0x0000000083e00000, 0x0000000083e00000| Untracked 
|  63|0x0000000083f00000, 0x0000000083f00000, 0x0000000084000000|  0%| F|  |TAMS 0x0000000083f00000, 0x0000000083f00000| Untracked 
|  64|0x0000000084000000, 0x0000000084000000, 0x0000000084100000|  0%| F|  |TAMS 0x0000000084000000, 0x0000000084000000| Untracked 
|  65|0x0000000084100000, 0x0000000084100000, 0x0000000084200000|  0%| F|  |TAMS 0x0000000084100000, 0x0000000084100000| Untracked 
|  66|0x0000000084200000, 0x0000000084200000, 0x0000000084300000|  0%| F|  |TAMS 0x0000000084200000, 0x0000000084200000| Untracked 
|  67|0x0000000084300000, 0x0000000084300000, 0x0000000084400000|  0%| F|  |TAMS 0x0000000084300000, 0x0000000084300000| Untracked 
|  68|0x0000000084400000, 0x0000000084400000, 0x0000000084500000|  0%| F|  |TAMS 0x0000000084400000, 0x0000000084400000| Untracked 
|  69|0x0000000084500000, 0x0000000084500000, 0x0000000084600000|  0%| F|  |TAMS 0x0000000084500000, 0x0000000084500000| Untracked 
|  70|0x0000000084600000, 0x0000000084600000, 0x0000000084700000|  0%| F|  |TAMS 0x0000000084600000, 0x0000000084600000| Untracked 
|  71|0x0000000084700000, 0x0000000084700000, 0x0000000084800000|  0%| F|  |TAMS 0x0000000084700000, 0x0000000084700000| Untracked 
|  72|0x0000000084800000, 0x0000000084800000, 0x0000000084900000|  0%| F|  |TAMS 0x0000000084800000, 0x0000000084800000| Untracked 
|  73|0x0000000084900000, 0x0000000084900000, 0x0000000084a00000|  0%| F|  |TAMS 0x0000000084900000, 0x0000000084900000| Untracked 
|  74|0x0000000084a00000, 0x0000000084a00000, 0x0000000084b00000|  0%| F|  |TAMS 0x0000000084a00000, 0x0000000084a00000| Untracked 
|  75|0x0000000084b00000, 0x0000000084b00000, 0x0000000084c00000|  0%| F|  |TAMS 0x0000000084b00000, 0x0000000084b00000| Untracked 
|  76|0x0000000084c00000, 0x0000000084c00000, 0x0000000084d00000|  0%| F|  |TAMS 0x0000000084c00000, 0x0000000084c00000| Untracked 
|  77|0x0000000084d00000, 0x0000000084d00000, 0x0000000084e00000|  0%| F|  |TAMS 0x0000000084d00000, 0x0000000084d00000| Untracked 
|  78|0x0000000084e00000, 0x0000000084e00000, 0x0000000084f00000|  0%| F|  |TAMS 0x0000000084e00000, 0x0000000084e00000| Untracked 
|  79|0x0000000084f00000, 0x0000000084f00000, 0x0000000085000000|  0%| F|  |TAMS 0x0000000084f00000, 0x0000000084f00000| Untracked 
|  80|0x0000000085000000, 0x0000000085000000, 0x0000000085100000|  0%| F|  |TAMS 0x0000000085000000, 0x0000000085000000| Untracked 
|  81|0x0000000085100000, 0x0000000085100000, 0x0000000085200000|  0%| F|  |TAMS 0x0000000085100000, 0x0000000085100000| Untracked 
|  82|0x0000000085200000, 0x0000000085200000, 0x0000000085300000|  0%| F|  |TAMS 0x0000000085200000, 0x0000000085200000| Untracked 
|  83|0x0000000085300000, 0x0000000085380800, 0x0000000085400000| 50%| E|  |TAMS 0x0000000085300000, 0x0000000085300000| Complete 
|  84|0x0000000085400000, 0x0000000085500000, 0x0000000085500000|100%| E|CS|TAMS 0x0000000085400000, 0x0000000085400000| Complete 
|  85|0x0000000085500000, 0x0000000085600000, 0x0000000085600000|100%| E|CS|TAMS 0x0000000085500000, 0x0000000085500000| Complete 
|  86|0x0000000085600000, 0x0000000085700000, 0x0000000085700000|100%| E|CS|TAMS 0x0000000085600000, 0x0000000085600000| Complete 
|  87|0x0000000085700000, 0x0000000085800000, 0x0000000085800000|100%| E|CS|TAMS 0x0000000085700000, 0x0000000085700000| Complete 
| 113|0x0000000087100000, 0x0000000087200000, 0x0000000087200000|100%| E|CS|TAMS 0x0000000087100000, 0x0000000087100000| Complete 
| 114|0x0000000087200000, 0x0000000087300000, 0x0000000087300000|100%| E|CS|TAMS 0x0000000087200000, 0x0000000087200000| Complete 
| 115|0x0000000087300000, 0x0000000087400000, 0x0000000087400000|100%| E|CS|TAMS 0x0000000087300000, 0x0000000087300000| Complete 
| 116|0x0000000087400000, 0x0000000087500000, 0x0000000087500000|100%| E|CS|TAMS 0x0000000087400000, 0x0000000087400000| Complete 
| 127|0x0000000087f00000, 0x0000000088000000, 0x0000000088000000|100%| E|CS|TAMS 0x0000000087f00000, 0x0000000087f00000| Complete 

Card table byte_map: [0x0000029f7de50000,0x0000029f7e250000] _byte_map_base: 0x0000029f7da50000

Marking Bits (Prev, Next): (CMBitMap*) 0x0000029f7d9ea060, (CMBitMap*) 0x0000029f7d9ea0a0
 Prev Bits: [0x0000029f065f0000, 0x0000029f085f0000)
 Next Bits: [0x0000029f085f0000, 0x0000029f0a5f0000)

Polling page: 0x0000029f7d150000

Metaspace:

Usage:
  Non-class:     62.59 MB used.
      Class:      9.70 MB used.
       Both:     72.29 MB used.

Virtual space:
  Non-class space:       64.00 MB reserved,      62.94 MB ( 98%) committed,  8 nodes.
      Class space:        1.00 GB reserved,      10.00 MB ( <1%) committed,  1 nodes.
             Both:        1.06 GB reserved,      72.94 MB (  7%) committed. 

Chunk freelists:
   Non-Class:  865.00 KB
       Class:  1.97 MB
        Both:  2.82 MB

MaxMetaspaceSize: unlimited
CompressedClassSpaceSize: 1.00 GB
Initial GC threshold: 21.00 MB
Current GC threshold: 119.06 MB
CDS: off
MetaspaceReclaimPolicy: balanced
 - commit_granule_bytes: 65536.
 - commit_granule_words: 8192.
 - virtual_space_node_default_size: 1048576.
 - enlarge_chunks_in_place: 1.
 - new_chunks_are_fully_committed: 0.
 - uncommit_free_chunks: 1.
 - use_allocation_guard: 0.
 - handle_deallocations: 1.


Internal statistics:

num_allocs_failed_limit: 11.
num_arena_births: 1106.
num_arena_deaths: 200.
num_vsnodes_births: 9.
num_vsnodes_deaths: 0.
num_space_committed: 1167.
num_space_uncommitted: 0.
num_chunks_returned_to_freelist: 275.
num_chunks_taken_from_freelist: 3837.
num_chunk_merges: 79.
num_chunk_splits: 2408.
num_chunks_enlarged: 1623.
num_purges: 4.
num_inconsistent_stats: 0.

CodeCache: size=49152Kb used=19109Kb max_used=19109Kb free=30042Kb
 bounds [0x0000029f035f0000, 0x0000029f048a0000, 0x0000029f065f0000]
 total_blobs=11207 nmethods=10574 adapters=557
 compilation: enabled
              stopped_count=0, restarted_count=0
 full_count=0

Compilation events (20 events):
Event: 8027.614 Thread 0x0000029f7ea57ed0 10567       1       org.hibernate.tuple.entity.EntityMetamodel::isExplicitPolymorphism (5 bytes)
Event: 8027.614 Thread 0x0000029f7ea57ed0 nmethod 10567 0x0000029f04896f90 code [0x0000029f04897120, 0x0000029f048971f8]
Event: 8027.615 Thread 0x0000029f7fff5b10 10568       1       org.hibernate.type.TypeResolver::getTypeFactory (5 bytes)
Event: 8027.615 Thread 0x0000029f7fff5b10 nmethod 10568 0x0000029f04897290 code [0x0000029f04897420, 0x0000029f048974f8]
Event: 8027.616 Thread 0x0000029f102d12c0 10569       1       org.hibernate.hql.internal.ast.tree.DotNode::getLhs (24 bytes)
Event: 8027.616 Thread 0x0000029f102d12c0 nmethod 10569 0x0000029f04897590 code [0x0000029f04897740, 0x0000029f048978c8]
Event: 8027.616 Thread 0x0000029f7ea57ed0 10570       1       org.hibernate.hql.internal.ast.tree.FromElementType::checkInitialized (8 bytes)
Event: 8027.616 Thread 0x0000029f7ea57ed0 nmethod 10570 0x0000029f04897990 code [0x0000029f04897b20, 0x0000029f04897c88]
Event: 8027.617 Thread 0x0000029f7fff5b10 10571       1       org.hibernate.hql.internal.ast.util.ASTIterator::hasNext (13 bytes)
Event: 8027.617 Thread 0x0000029f7fff5b10 nmethod 10571 0x0000029f04897d90 code [0x0000029f04897f20, 0x0000029f04897ff8]
Event: 8027.620 Thread 0x0000029f102d12c0 10572       1       antlr.ASTPair::copy (26 bytes)
Event: 8027.621 Thread 0x0000029f102d12c0 nmethod 10572 0x0000029f04898090 code [0x0000029f04898220, 0x0000029f048983d8]
Event: 8027.643 Thread 0x0000029f7ea57ed0 10573       1       org.hibernate.query.criteria.internal.path.AbstractJoinImpl::getAttribute (5 bytes)
Event: 8027.643 Thread 0x0000029f7ea57ed0 nmethod 10573 0x0000029f04898490 code [0x0000029f04898620, 0x0000029f048986f8]
Event: 8027.657 Thread 0x0000029f7fff5b10 10574       1       org.springframework.core.metrics.DefaultApplicationStartup$DefaultStartupStep::end (1 bytes)
Event: 8027.657 Thread 0x0000029f7fff5b10 nmethod 10574 0x0000029f04898790 code [0x0000029f04898920, 0x0000029f048989d8]
Event: 8027.682 Thread 0x0000029f7ea57ed0 10575       1       org.springframework.util.AntPathMatcher::isPattern (74 bytes)
Event: 8027.683 Thread 0x0000029f7ea57ed0 nmethod 10575 0x0000029f04898a90 code [0x0000029f04898c60, 0x0000029f04898f78]
Event: 8027.687 Thread 0x0000029f7ea57ed0 10576       1       org.springframework.orm.jpa.AbstractEntityManagerFactoryBean::getObjectType (20 bytes)
Event: 8027.687 Thread 0x0000029f7ea57ed0 nmethod 10576 0x0000029f04899190 code [0x0000029f04899320, 0x0000029f04899438]

GC Heap History (20 events):
Event: 8021.524 GC heap before
{Heap before GC invocations=77 (full 1):
 garbage-first heap   total 95232K, used 76948K [0x0000000080000000, 0x0000000100000000)
  region size 1024K, 46 young (47104K), 6 survivors (6144K)
 Metaspace       used 72773K, committed 73344K, reserved 1114112K
  class space    used 9794K, committed 10048K, reserved 1048576K
}
Event: 8021.532 GC heap after
{Heap after GC invocations=78 (full 1):
 garbage-first heap   total 95232K, used 36733K [0x0000000080000000, 0x0000000100000000)
  region size 1024K, 1 young (1024K), 1 survivors (1024K)
 Metaspace       used 72773K, committed 73344K, reserved 1114112K
  class space    used 9794K, committed 10048K, reserved 1048576K
}
Event: 8021.797 GC heap before
{Heap before GC invocations=78 (full 1):
 garbage-first heap   total 95232K, used 77693K [0x0000000080000000, 0x0000000100000000)
  region size 1024K, 41 young (41984K), 1 survivors (1024K)
 Metaspace       used 72773K, committed 73344K, reserved 1114112K
  class space    used 9794K, committed 10048K, reserved 1048576K
}
Event: 8021.798 GC heap after
{Heap after GC invocations=79 (full 1):
 garbage-first heap   total 95232K, used 36318K [0x0000000080000000, 0x0000000100000000)
  region size 1024K, 1 young (1024K), 1 survivors (1024K)
 Metaspace       used 72773K, committed 73344K, reserved 1114112K
  class space    used 9794K, committed 10048K, reserved 1048576K
}
Event: 8022.479 GC heap before
{Heap before GC invocations=79 (full 1):
 garbage-first heap   total 95232K, used 78302K [0x0000000080000000, 0x0000000100000000)
  region size 1024K, 42 young (43008K), 1 survivors (1024K)
 Metaspace       used 72773K, committed 73344K, reserved 1114112K
  class space    used 9794K, committed 10048K, reserved 1048576K
}
Event: 8022.481 GC heap after
{Heap after GC invocations=80 (full 1):
 garbage-first heap   total 95232K, used 36733K [0x0000000080000000, 0x0000000100000000)
  region size 1024K, 1 young (1024K), 1 survivors (1024K)
 Metaspace       used 72773K, committed 73344K, reserved 1114112K
  class space    used 9794K, committed 10048K, reserved 1048576K
}
Event: 8023.345 GC heap before
{Heap before GC invocations=80 (full 1):
 garbage-first heap   total 95232K, used 78717K [0x0000000080000000, 0x0000000100000000)
  region size 1024K, 42 young (43008K), 1 survivors (1024K)
 Metaspace       used 73141K, committed 73728K, reserved 1114112K
  class space    used 9852K, committed 10112K, reserved 1048576K
}
Event: 8023.348 GC heap after
{Heap after GC invocations=81 (full 1):
 garbage-first heap   total 95232K, used 38781K [0x0000000080000000, 0x0000000100000000)
  region size 1024K, 3 young (3072K), 3 survivors (3072K)
 Metaspace       used 73141K, committed 73728K, reserved 1114112K
  class space    used 9852K, committed 10112K, reserved 1048576K
}
Event: 8023.648 GC heap before
{Heap before GC invocations=81 (full 1):
 garbage-first heap   total 95232K, used 78717K [0x0000000080000000, 0x0000000100000000)
  region size 1024K, 42 young (43008K), 3 survivors (3072K)
 Metaspace       used 73141K, committed 73728K, reserved 1114112K
  class space    used 9852K, committed 10112K, reserved 1048576K
}
Event: 8023.652 GC heap after
{Heap after GC invocations=82 (full 1):
 garbage-first heap   total 95232K, used 39772K [0x0000000080000000, 0x0000000100000000)
  region size 1024K, 4 young (4096K), 4 survivors (4096K)
 Metaspace       used 73141K, committed 73728K, reserved 1114112K
  class space    used 9852K, committed 10112K, reserved 1048576K
}
Event: 8024.883 GC heap before
{Heap before GC invocations=82 (full 1):
 garbage-first heap   total 95232K, used 78684K [0x0000000080000000, 0x0000000100000000)
  region size 1024K, 42 young (43008K), 4 survivors (4096K)
 Metaspace       used 73379K, committed 74048K, reserved 1114112K
  class space    used 9873K, committed 10176K, reserved 1048576K
}
Event: 8024.892 GC heap after
{Heap after GC invocations=83 (full 1):
 garbage-first heap   total 95232K, used 40613K [0x0000000080000000, 0x0000000100000000)
  region size 1024K, 4 young (4096K), 4 survivors (4096K)
 Metaspace       used 73379K, committed 74048K, reserved 1114112K
  class space    used 9873K, committed 10176K, reserved 1048576K
}
Event: 8026.547 GC heap before
{Heap before GC invocations=83 (full 1):
 garbage-first heap   total 95232K, used 77477K [0x0000000080000000, 0x0000000100000000)
  region size 1024K, 40 young (40960K), 4 survivors (4096K)
 Metaspace       used 73639K, committed 74240K, reserved 1114112K
  class space    used 9898K, committed 10176K, reserved 1048576K
}
Event: 8026.560 GC heap after
{Heap after GC invocations=84 (full 1):
 garbage-first heap   total 95232K, used 42599K [0x0000000080000000, 0x0000000100000000)
  region size 1024K, 5 young (5120K), 5 survivors (5120K)
 Metaspace       used 73639K, committed 74240K, reserved 1114112K
  class space    used 9898K, committed 10176K, reserved 1048576K
}
Event: 8026.996 GC heap before
{Heap before GC invocations=84 (full 1):
 garbage-first heap   total 95232K, used 77415K [0x0000000080000000, 0x0000000100000000)
  region size 1024K, 39 young (39936K), 5 survivors (5120K)
 Metaspace       used 73736K, committed 74368K, reserved 1114112K
  class space    used 9906K, committed 10176K, reserved 1048576K
}
Event: 8027.001 GC heap after
{Heap after GC invocations=85 (full 1):
 garbage-first heap   total 95232K, used 43509K [0x0000000080000000, 0x0000000100000000)
  region size 1024K, 3 young (3072K), 3 survivors (3072K)
 Metaspace       used 73736K, committed 74368K, reserved 1114112K
  class space    used 9906K, committed 10176K, reserved 1048576K
}
Event: 8027.372 GC heap before
{Heap before GC invocations=85 (full 1):
 garbage-first heap   total 95232K, used 79349K [0x0000000080000000, 0x0000000100000000)
  region size 1024K, 38 young (38912K), 3 survivors (3072K)
 Metaspace       used 73856K, committed 74496K, reserved 1114112K
  class space    used 9919K, committed 10240K, reserved 1048576K
}
Event: 8027.377 GC heap after
{Heap after GC invocations=86 (full 1):
 garbage-first heap   total 95232K, used 44016K [0x0000000080000000, 0x0000000100000000)
  region size 1024K, 2 young (2048K), 2 survivors (2048K)
 Metaspace       used 73856K, committed 74496K, reserved 1114112K
  class space    used 9919K, committed 10240K, reserved 1048576K
}
Event: 8027.580 GC heap before
{Heap before GC invocations=86 (full 1):
 garbage-first heap   total 95232K, used 77808K [0x0000000080000000, 0x0000000100000000)
  region size 1024K, 35 young (35840K), 2 survivors (2048K)
 Metaspace       used 73945K, committed 74624K, reserved 1114112K
  class space    used 9928K, committed 10240K, reserved 1048576K
}
Event: 8027.583 GC heap after
{Heap after GC invocations=87 (full 1):
 garbage-first heap   total 95232K, used 44289K [0x0000000080000000, 0x0000000100000000)
  region size 1024K, 2 young (2048K), 2 survivors (2048K)
 Metaspace       used 73945K, committed 74624K, reserved 1114112K
  class space    used 9928K, committed 10240K, reserved 1048576K
}

Dll operation events (9 events):
Event: 0.016 Loaded shared library C:\Users\felip\OneDrive\Documentos\sts-4.17.1.RELEASE\plugins\org.eclipse.justj.openjdk.hotspot.jre.full.win32.x86_64_17.0.5.v20221102-0933\jre\bin\java.dll
Event: 0.727 Loaded shared library C:\Users\felip\OneDrive\Documentos\sts-4.17.1.RELEASE\plugins\org.eclipse.justj.openjdk.hotspot.jre.full.win32.x86_64_17.0.5.v20221102-0933\jre\bin\jimage.dll
Event: 0.758 Loaded shared library C:\Users\felip\OneDrive\Documentos\sts-4.17.1.RELEASE\plugins\org.eclipse.justj.openjdk.hotspot.jre.full.win32.x86_64_17.0.5.v20221102-0933\jre\bin\net.dll
Event: 0.763 Loaded shared library C:\Users\felip\OneDrive\Documentos\sts-4.17.1.RELEASE\plugins\org.eclipse.justj.openjdk.hotspot.jre.full.win32.x86_64_17.0.5.v20221102-0933\jre\bin\nio.dll
Event: 0.776 Loaded shared library C:\Users\felip\OneDrive\Documentos\sts-4.17.1.RELEASE\plugins\org.eclipse.justj.openjdk.hotspot.jre.full.win32.x86_64_17.0.5.v20221102-0933\jre\bin\zip.dll
Event: 1.009 Loaded shared library C:\Users\felip\OneDrive\Documentos\sts-4.17.1.RELEASE\plugins\org.eclipse.justj.openjdk.hotspot.jre.full.win32.x86_64_17.0.5.v20221102-0933\jre\bin\management.dll
Event: 1.037 Loaded shared library C:\Users\felip\OneDrive\Documentos\sts-4.17.1.RELEASE\plugins\org.eclipse.justj.openjdk.hotspot.jre.full.win32.x86_64_17.0.5.v20221102-0933\jre\bin\management_ext.dll
Event: 1.760 Loaded shared library C:\Users\felip\OneDrive\Documentos\sts-4.17.1.RELEASE\plugins\org.eclipse.justj.openjdk.hotspot.jre.full.win32.x86_64_17.0.5.v20221102-0933\jre\bin\verify.dll
Event: 19.538 Loaded shared library C:\Users\felip\OneDrive\Documentos\sts-4.17.1.RELEASE\plugins\org.eclipse.justj.openjdk.hotspot.jre.full.win32.x86_64_17.0.5.v20221102-0933\jre\bin\sunmscapi.dll

Deoptimization events (18 events):
Event: 4.835 Thread 0x0000029f0d4b4f50 DEOPT PACKING pc=0x0000029f03b36a99 sp=0x000000e5ea0fd480
Event: 4.835 Thread 0x0000029f0d4b4f50 DEOPT UNPACKING pc=0x0000029f03642b24 sp=0x000000e5ea0fc960 mode 3
Event: 8.990 Thread 0x0000029f0d4b4f50 DEOPT PACKING pc=0x0000029f03b44c94 sp=0x000000e5ea0fd1d0
Event: 8.990 Thread 0x0000029f0d4b4f50 DEOPT UNPACKING pc=0x0000029f03642b24 sp=0x000000e5ea0fc728 mode 0
Event: 14.614 Thread 0x0000029f0d4b4f50 DEOPT PACKING pc=0x0000029f03b9e8c2 sp=0x000000e5ea0f9590
Event: 14.614 Thread 0x0000029f0d4b4f50 DEOPT UNPACKING pc=0x0000029f03642b24 sp=0x000000e5ea0f8a98 mode 3
Event: 15.570 Thread 0x0000029f0d4b4f50 DEOPT PACKING pc=0x0000029f0408c799 sp=0x000000e5ea0fa580
Event: 15.570 Thread 0x0000029f0d4b4f50 DEOPT UNPACKING pc=0x0000029f03642b24 sp=0x000000e5ea0f9a60 mode 3
Event: 17.032 Thread 0x0000029f0d4b4f50 DEOPT PACKING pc=0x0000029f03e95e7d sp=0x000000e5ea0fbf80
Event: 17.032 Thread 0x0000029f0d4b4f50 DEOPT UNPACKING pc=0x0000029f03642b24 sp=0x000000e5ea0fb4e8 mode 3
Event: 197.177 Thread 0x0000029f108f75a0 DEOPT PACKING pc=0x0000029f037389cc sp=0x000000e5eadfb890
Event: 197.177 Thread 0x0000029f108f75a0 DEOPT UNPACKING pc=0x0000029f03642b24 sp=0x000000e5eadfad50 mode 0
Event: 949.483 Thread 0x0000029f108f9c20 DEOPT PACKING pc=0x0000029f042c06b3 sp=0x000000e5eb0fb5b0
Event: 949.483 Thread 0x0000029f108f9c20 DEOPT UNPACKING pc=0x0000029f03642b24 sp=0x000000e5eb0faad8 mode 3
Event: 1003.462 Thread 0x0000029f0d4b45b0 DEOPT PACKING pc=0x0000029f04346c09 sp=0x000000e5eaafaa10
Event: 1003.462 Thread 0x0000029f0d4b45b0 DEOPT UNPACKING pc=0x0000029f03642b24 sp=0x000000e5eaaf9fc0 mode 3
Event: 8027.135 Thread 0x0000029f108faf60 DEOPT PACKING pc=0x0000029f03770444 sp=0x000000e5e8ff8330
Event: 8027.136 Thread 0x0000029f108faf60 DEOPT UNPACKING pc=0x0000029f03642b24 sp=0x000000e5e8ff77c8 mode 3

Classes unloaded (20 events):
Event: 8001.573 Thread 0x0000029f7ea497a0 Unloading class 0x0000000100141800 'jdk/internal/reflect/GeneratedSerializationConstructorAccessor3'
Event: 8001.573 Thread 0x0000029f7ea497a0 Unloading class 0x0000000100141400 'jdk/internal/reflect/GeneratedSerializationConstructorAccessor2'
Event: 8001.573 Thread 0x0000029f7ea497a0 Unloading class 0x0000000100141000 'jdk/internal/reflect/GeneratedSerializationConstructorAccessor1'
Event: 8001.573 Thread 0x0000029f7ea497a0 Unloading class 0x0000000100140800 'java/lang/invoke/LambdaForm$DMH+0x0000000100140800'
Event: 8001.573 Thread 0x0000029f7ea497a0 Unloading class 0x0000000100140000 'java/lang/invoke/LambdaForm$DMH+0x0000000100140000'
Event: 8001.573 Thread 0x0000029f7ea497a0 Unloading class 0x00000001000c6c00 'jdk/internal/reflect/GeneratedConstructorAccessor1'
Event: 8001.573 Thread 0x0000029f7ea497a0 Unloading class 0x00000001000c6000 'java/lang/invoke/LambdaForm$MH+0x00000001000c6000'
Event: 8001.573 Thread 0x0000029f7ea497a0 Unloading class 0x00000001000c5c00 'java/lang/invoke/LambdaForm$MH+0x00000001000c5c00'
Event: 8001.573 Thread 0x0000029f7ea497a0 Unloading class 0x00000001000c5800 'java/lang/invoke/LambdaForm$MH+0x00000001000c5800'
Event: 8001.573 Thread 0x0000029f7ea497a0 Unloading class 0x00000001000c5400 'java/lang/invoke/LambdaForm$MH+0x00000001000c5400'
Event: 8001.573 Thread 0x0000029f7ea497a0 Unloading class 0x00000001000c5000 'java/lang/invoke/LambdaForm$MH+0x00000001000c5000'
Event: 8001.573 Thread 0x0000029f7ea497a0 Unloading class 0x00000001000c4c00 'java/lang/invoke/LambdaForm$MH+0x00000001000c4c00'
Event: 8001.573 Thread 0x0000029f7ea497a0 Unloading class 0x00000001000c3c00 'java/lang/invoke/LambdaForm$MH+0x00000001000c3c00'
Event: 8001.574 Thread 0x0000029f7ea497a0 Unloading class 0x00000001000c3800 'java/lang/invoke/LambdaForm$MH+0x00000001000c3800'
Event: 8001.574 Thread 0x0000029f7ea497a0 Unloading class 0x00000001000c3000 'java/lang/invoke/LambdaForm$MH+0x00000001000c3000'
Event: 8001.574 Thread 0x0000029f7ea497a0 Unloading class 0x00000001000c2400 'java/lang/invoke/LambdaForm$MH+0x00000001000c2400'
Event: 8001.574 Thread 0x0000029f7ea497a0 Unloading class 0x00000001000c1c00 'java/lang/invoke/LambdaForm$MH+0x00000001000c1c00'
Event: 8001.574 Thread 0x0000029f7ea497a0 Unloading class 0x00000001000c1400 'java/lang/invoke/LambdaForm$MH+0x00000001000c1400'
Event: 8001.574 Thread 0x0000029f7ea497a0 Unloading class 0x00000001000c0c00 'java/lang/invoke/LambdaForm$MH+0x00000001000c0c00'
Event: 8027.693 Thread 0x0000029f7ea497a0 Unloading class 0x0000000100270800 'org/apache/catalina/loader/JdbcLeakPrevention'

Classes redefined (0 events):
No events

Internal exceptions (20 events):
Event: 8027.618 Thread 0x0000029f108faf60 Exception <a 'java/io/IOException'{0x0000000085760318}> (0x0000000085760318) 
thrown [s\src\hotspot\share\prims\jni.cpp, line 516]
Event: 8027.618 Thread 0x0000029f108faf60 Exception <a 'java/io/IOException'{0x0000000085761378}> (0x0000000085761378) 
thrown [s\src\hotspot\share\prims\jni.cpp, line 516]
Event: 8027.619 Thread 0x0000029f108faf60 Exception <a 'java/lang/reflect/InvocationTargetException'{0x00000000857673f0}> (0x00000000857673f0) 
thrown [s\src\hotspot\share\runtime\reflection.cpp, line 1121]
Event: 8027.619 Thread 0x0000029f108faf60 Exception <a 'java/io/IOException'{0x000000008576bcc8}> (0x000000008576bcc8) 
thrown [s\src\hotspot\share\prims\jni.cpp, line 516]
Event: 8027.619 Thread 0x0000029f108faf60 Exception <a 'java/io/IOException'{0x000000008576cd28}> (0x000000008576cd28) 
thrown [s\src\hotspot\share\prims\jni.cpp, line 516]
Event: 8027.619 Thread 0x0000029f108faf60 Exception <a 'java/io/IOException'{0x0000000085771f50}> (0x0000000085771f50) 
thrown [s\src\hotspot\share\prims\jni.cpp, line 516]
Event: 8027.619 Thread 0x0000029f108faf60 Exception <a 'java/io/IOException'{0x0000000085772fb0}> (0x0000000085772fb0) 
thrown [s\src\hotspot\share\prims\jni.cpp, line 516]
Event: 8027.622 Thread 0x0000029f108faf60 Exception <a 'java/io/IOException'{0x000000008578d3c0}> (0x000000008578d3c0) 
thrown [s\src\hotspot\share\prims\jni.cpp, line 516]
Event: 8027.622 Thread 0x0000029f108faf60 Exception <a 'java/io/IOException'{0x000000008578e420}> (0x000000008578e420) 
thrown [s\src\hotspot\share\prims\jni.cpp, line 516]
Event: 8027.641 Thread 0x0000029f108faf60 Exception <a 'java/lang/reflect/InvocationTargetException'{0x0000000085796238}> (0x0000000085796238) 
thrown [s\src\hotspot\share\runtime\reflection.cpp, line 1121]
Event: 8027.641 Thread 0x0000029f108faf60 Exception <a 'java/io/IOException'{0x000000008579ab10}> (0x000000008579ab10) 
thrown [s\src\hotspot\share\prims\jni.cpp, line 516]
Event: 8027.641 Thread 0x0000029f108faf60 Exception <a 'java/io/IOException'{0x000000008579bb70}> (0x000000008579bb70) 
thrown [s\src\hotspot\share\prims\jni.cpp, line 516]
Event: 8027.642 Thread 0x0000029f108faf60 Exception <a 'java/io/IOException'{0x00000000857a24b8}> (0x00000000857a24b8) 
thrown [s\src\hotspot\share\prims\jni.cpp, line 516]
Event: 8027.642 Thread 0x0000029f108faf60 Exception <a 'java/io/IOException'{0x00000000857a3518}> (0x00000000857a3518) 
thrown [s\src\hotspot\share\prims\jni.cpp, line 516]
Event: 8027.686 Thread 0x0000029f108faf60 Exception <a 'java/io/IOException'{0x0000000085401550}> (0x0000000085401550) 
thrown [s\src\hotspot\share\prims\jni.cpp, line 516]
Event: 8027.686 Thread 0x0000029f108faf60 Exception <a 'java/io/IOException'{0x00000000854025b0}> (0x00000000854025b0) 
thrown [s\src\hotspot\share\prims\jni.cpp, line 516]
Event: 8027.688 Thread 0x0000029f108faf60 Exception <a 'java/io/IOException'{0x00000000854219d8}> (0x00000000854219d8) 
thrown [s\src\hotspot\share\prims\jni.cpp, line 516]
Event: 8027.688 Thread 0x0000029f108faf60 Exception <a 'java/io/IOException'{0x0000000085422a38}> (0x0000000085422a38) 
thrown [s\src\hotspot\share\prims\jni.cpp, line 516]
Event: 8027.689 Thread 0x0000029f108faf60 Exception <a 'java/io/IOException'{0x000000008542f498}> (0x000000008542f498) 
thrown [s\src\hotspot\share\prims\jni.cpp, line 516]
Event: 8027.689 Thread 0x0000029f108faf60 Exception <a 'java/io/IOException'{0x00000000854304f8}> (0x00000000854304f8) 
thrown [s\src\hotspot\share\prims\jni.cpp, line 516]

VM Operations (20 events):
Event: 8022.481 Executing VM operation: G1CollectForAllocation done
Event: 8023.344 Executing VM operation: G1CollectForAllocation
Event: 8023.348 Executing VM operation: G1CollectForAllocation done
Event: 8023.648 Executing VM operation: G1CollectForAllocation
Event: 8023.652 Executing VM operation: G1CollectForAllocation done
Event: 8024.653 Executing VM operation: Cleanup
Event: 8024.654 Executing VM operation: Cleanup done
Event: 8024.883 Executing VM operation: G1CollectForAllocation
Event: 8024.892 Executing VM operation: G1CollectForAllocation done
Event: 8025.900 Executing VM operation: Cleanup
Event: 8025.900 Executing VM operation: Cleanup done
Event: 8026.547 Executing VM operation: G1CollectForAllocation
Event: 8026.560 Executing VM operation: G1CollectForAllocation done
Event: 8026.996 Executing VM operation: G1CollectForAllocation
Event: 8027.002 Executing VM operation: G1CollectForAllocation done
Event: 8027.372 Executing VM operation: G1CollectForAllocation
Event: 8027.377 Executing VM operation: G1CollectForAllocation done
Event: 8027.580 Executing VM operation: G1CollectForAllocation
Event: 8027.583 Executing VM operation: G1CollectForAllocation done
Event: 8027.693 Executing VM operation: G1Concurrent

Events (20 events):
Event: 8027.208 loading class java/lang/ObjectCustomizer
Event: 8027.208 loading class java/lang/ObjectCustomizer done
Event: 8027.210 loading class java/lang/ObjectCustomizer
Event: 8027.210 loading class java/lang/ObjectCustomizer done
Event: 8027.465 loading class java/lang/ObjectCustomizer
Event: 8027.465 loading class java/lang/ObjectCustomizer done
Event: 8027.466 loading class java/lang/ObjectCustomizer
Event: 8027.466 loading class java/lang/ObjectCustomizer done
Event: 8027.470 loading class java/lang/ObjectCustomizer
Event: 8027.470 loading class java/lang/ObjectCustomizer done
Event: 8027.471 loading class java/lang/ObjectCustomizer
Event: 8027.471 loading class java/lang/ObjectCustomizer done
Event: 8027.474 loading class java/lang/ObjectCustomizer
Event: 8027.474 loading class java/lang/ObjectCustomizer done
Event: 8027.475 loading class java/lang/ObjectCustomizer
Event: 8027.475 loading class java/lang/ObjectCustomizer done
Event: 8027.480 loading class java/lang/ObjectCustomizer
Event: 8027.480 loading class java/lang/ObjectCustomizer done
Event: 8027.481 loading class java/lang/ObjectCustomizer
Event: 8027.481 loading class java/lang/ObjectCustomizer done


Dynamic libraries:
0x00007ff71c070000 - 0x00007ff71c07e000 	C:\Users\felip\OneDrive\Documentos\sts-4.17.1.RELEASE\plugins\org.eclipse.justj.openjdk.hotspot.jre.full.win32.x86_64_17.0.5.v20221102-0933\jre\bin\javaw.exe
0x00007ffbeaf70000 - 0x00007ffbeb168000 	C:\Windows\SYSTEM32\ntdll.dll
0x00007ffbe9780000 - 0x00007ffbe983f000 	C:\Windows\System32\KERNEL32.DLL
0x00007ffbe8b50000 - 0x00007ffbe8e46000 	C:\Windows\System32\KERNELBASE.dll
0x00007ffbe8820000 - 0x00007ffbe8920000 	C:\Windows\System32\ucrtbase.dll
0x00007ffbd7200000 - 0x00007ffbd7217000 	C:\Users\felip\OneDrive\Documentos\sts-4.17.1.RELEASE\plugins\org.eclipse.justj.openjdk.hotspot.jre.full.win32.x86_64_17.0.5.v20221102-0933\jre\bin\jli.dll
0x00007ffbe9520000 - 0x00007ffbe96bd000 	C:\Windows\System32\USER32.dll
0x00007ffbe8e80000 - 0x00007ffbe8ea2000 	C:\Windows\System32\win32u.dll
0x00007ffbe96e0000 - 0x00007ffbe970c000 	C:\Windows\System32\GDI32.dll
0x00007ffbe8eb0000 - 0x00007ffbe8fc5000 	C:\Windows\System32\gdi32full.dll
0x00007ffbe8ab0000 - 0x00007ffbe8b4d000 	C:\Windows\System32\msvcp_win.dll
0x00007ffbc8880000 - 0x00007ffbc8b1a000 	C:\Windows\WinSxS\amd64_microsoft.windows.common-controls_6595b64144ccf1df_6.0.19041.1110_none_60b5254171f9507e\COMCTL32.dll
0x00007ffbc9990000 - 0x00007ffbc99a9000 	C:\Users\felip\OneDrive\Documentos\sts-4.17.1.RELEASE\plugins\org.eclipse.justj.openjdk.hotspot.jre.full.win32.x86_64_17.0.5.v20221102-0933\jre\bin\VCRUNTIME140.dll
0x00007ffbead00000 - 0x00007ffbead9e000 	C:\Windows\System32\msvcrt.dll
0x00007ffbea3a0000 - 0x00007ffbea3d0000 	C:\Windows\System32\IMM32.DLL
0x00007ffbdebe0000 - 0x00007ffbdebec000 	C:\Users\felip\OneDrive\Documentos\sts-4.17.1.RELEASE\plugins\org.eclipse.justj.openjdk.hotspot.jre.full.win32.x86_64_17.0.5.v20221102-0933\jre\bin\vcruntime140_1.dll
0x00007ffbc2660000 - 0x00007ffbc26f1000 	C:\Users\felip\OneDrive\Documentos\sts-4.17.1.RELEASE\plugins\org.eclipse.justj.openjdk.hotspot.jre.full.win32.x86_64_17.0.5.v20221102-0933\jre\bin\msvcp140.dll
0x00007ffb6bed0000 - 0x00007ffb6cb14000 	C:\Users\felip\OneDrive\Documentos\sts-4.17.1.RELEASE\plugins\org.eclipse.justj.openjdk.hotspot.jre.full.win32.x86_64_17.0.5.v20221102-0933\jre\bin\server\jvm.dll
0x00007ffbeae80000 - 0x00007ffbeaf2f000 	C:\Windows\System32\ADVAPI32.dll
0x00007ffbea1c0000 - 0x00007ffbea25c000 	C:\Windows\System32\sechost.dll
0x00007ffbe9b60000 - 0x00007ffbe9c86000 	C:\Windows\System32\RPCRT4.dll
0x00007ffbd4080000 - 0x00007ffbd4089000 	C:\Windows\SYSTEM32\WSOCK32.dll
0x00007ffbea330000 - 0x00007ffbea39b000 	C:\Windows\System32\WS2_32.dll
0x00007ffbe0260000 - 0x00007ffbe026a000 	C:\Windows\SYSTEM32\VERSION.dll
0x00007ffbe04c0000 - 0x00007ffbe04e7000 	C:\Windows\SYSTEM32\WINMM.dll
0x00007ffbe6530000 - 0x00007ffbe6542000 	C:\Windows\SYSTEM32\kernel.appcore.dll
0x00007ffbe4020000 - 0x00007ffbe402a000 	C:\Users\felip\OneDrive\Documentos\sts-4.17.1.RELEASE\plugins\org.eclipse.justj.openjdk.hotspot.jre.full.win32.x86_64_17.0.5.v20221102-0933\jre\bin\jimage.dll
0x00007ffbdf8f0000 - 0x00007ffbdfad4000 	C:\Windows\SYSTEM32\DBGHELP.DLL
0x00007ffbd5d70000 - 0x00007ffbd5da4000 	C:\Windows\SYSTEM32\dbgcore.DLL
0x00007ffbe8970000 - 0x00007ffbe89f2000 	C:\Windows\System32\bcryptPrimitives.dll
0x00007ffbc9b50000 - 0x00007ffbc9b75000 	C:\Users\felip\OneDrive\Documentos\sts-4.17.1.RELEASE\plugins\org.eclipse.justj.openjdk.hotspot.jre.full.win32.x86_64_17.0.5.v20221102-0933\jre\bin\java.dll
0x00007ffbd2a00000 - 0x00007ffbd2a18000 	C:\Users\felip\OneDrive\Documentos\sts-4.17.1.RELEASE\plugins\org.eclipse.justj.openjdk.hotspot.jre.full.win32.x86_64_17.0.5.v20221102-0933\jre\bin\zip.dll
0x00007ffbea500000 - 0x00007ffbeac44000 	C:\Windows\System32\SHELL32.dll
0x00007ffbe6730000 - 0x00007ffbe6ec3000 	C:\Windows\SYSTEM32\windows.storage.dll
0x00007ffbe9d40000 - 0x00007ffbea094000 	C:\Windows\System32\combase.dll
0x00007ffbe80b0000 - 0x00007ffbe80de000 	C:\Windows\SYSTEM32\Wldp.dll
0x00007ffbe9c90000 - 0x00007ffbe9d3d000 	C:\Windows\System32\SHCORE.dll
0x00007ffbe9710000 - 0x00007ffbe9765000 	C:\Windows\System32\shlwapi.dll
0x00007ffbe8590000 - 0x00007ffbe85af000 	C:\Windows\SYSTEM32\profapi.dll
0x00007ffbd00d0000 - 0x00007ffbd00e9000 	C:\Users\felip\OneDrive\Documentos\sts-4.17.1.RELEASE\plugins\org.eclipse.justj.openjdk.hotspot.jre.full.win32.x86_64_17.0.5.v20221102-0933\jre\bin\net.dll
0x00007ffbdf410000 - 0x00007ffbdf51a000 	C:\Windows\SYSTEM32\WINHTTP.dll
0x00007ffbe7e10000 - 0x00007ffbe7e7a000 	C:\Windows\system32\mswsock.dll
0x00007ffbcdee0000 - 0x00007ffbcdef5000 	C:\Users\felip\OneDrive\Documentos\sts-4.17.1.RELEASE\plugins\org.eclipse.justj.openjdk.hotspot.jre.full.win32.x86_64_17.0.5.v20221102-0933\jre\bin\nio.dll
0x00007ffbdb000000 - 0x00007ffbdb009000 	C:\Users\felip\OneDrive\Documentos\sts-4.17.1.RELEASE\plugins\org.eclipse.justj.openjdk.hotspot.jre.full.win32.x86_64_17.0.5.v20221102-0933\jre\bin\management.dll
0x00007ffbdab30000 - 0x00007ffbdab3b000 	C:\Users\felip\OneDrive\Documentos\sts-4.17.1.RELEASE\plugins\org.eclipse.justj.openjdk.hotspot.jre.full.win32.x86_64_17.0.5.v20221102-0933\jre\bin\management_ext.dll
0x00007ffbe9770000 - 0x00007ffbe9778000 	C:\Windows\System32\PSAPI.DLL
0x00007ffbd4660000 - 0x00007ffbd4677000 	C:\Windows\system32\napinsp.dll
0x00007ffbd4640000 - 0x00007ffbd465b000 	C:\Windows\system32\pnrpnsp.dll
0x00007ffbd43c0000 - 0x00007ffbd43d5000 	C:\Windows\system32\wshbth.dll
0x00007ffbe4000000 - 0x00007ffbe401d000 	C:\Windows\system32\NLAapi.dll
0x00007ffbe7ab0000 - 0x00007ffbe7aec000 	C:\Windows\SYSTEM32\IPHLPAPI.DLL
0x00007ffbe7b00000 - 0x00007ffbe7bcb000 	C:\Windows\SYSTEM32\DNSAPI.dll
0x00007ffbe96c0000 - 0x00007ffbe96c8000 	C:\Windows\System32\NSI.dll
0x00007ffbd4180000 - 0x00007ffbd4192000 	C:\Windows\System32\winrnr.dll
0x00007ffbdf3d0000 - 0x00007ffbdf3da000 	C:\Windows\System32\rasadhlp.dll
0x00007ffbdf2a0000 - 0x00007ffbdf322000 	C:\Windows\System32\fwpuclnt.dll
0x00007ffbe8e50000 - 0x00007ffbe8e77000 	C:\Windows\System32\bcrypt.dll
0x00007ffbe8000000 - 0x00007ffbe8018000 	C:\Windows\SYSTEM32\CRYPTSP.dll
0x00007ffbe76c0000 - 0x00007ffbe76f4000 	C:\Windows\system32\rsaenh.dll
0x00007ffbe8550000 - 0x00007ffbe857e000 	C:\Windows\SYSTEM32\USERENV.dll
0x00007ffbe8020000 - 0x00007ffbe802c000 	C:\Windows\SYSTEM32\CRYPTBASE.dll
0x00007ffbdf7e0000 - 0x00007ffbdf7f7000 	C:\Windows\SYSTEM32\dhcpcsvc6.DLL
0x00007ffbdf7c0000 - 0x00007ffbdf7dd000 	C:\Windows\SYSTEM32\dhcpcsvc.DLL
0x00007ffbe25c0000 - 0x00007ffbe25d0000 	C:\Users\felip\OneDrive\Documentos\sts-4.17.1.RELEASE\plugins\org.eclipse.justj.openjdk.hotspot.jre.full.win32.x86_64_17.0.5.v20221102-0933\jre\bin\verify.dll
0x00007ffbe1240000 - 0x00007ffbe124e000 	C:\Users\felip\OneDrive\Documentos\sts-4.17.1.RELEASE\plugins\org.eclipse.justj.openjdk.hotspot.jre.full.win32.x86_64_17.0.5.v20221102-0933\jre\bin\sunmscapi.dll
0x00007ffbe86c0000 - 0x00007ffbe881e000 	C:\Windows\System32\CRYPT32.dll
0x00007ffbe8120000 - 0x00007ffbe8148000 	C:\Windows\SYSTEM32\ncrypt.dll
0x00007ffbe80e0000 - 0x00007ffbe811b000 	C:\Windows\SYSTEM32\NTASN1.dll
0x00007ffbc3fe0000 - 0x00007ffbc3fe7000 	C:\Windows\system32\wshunix.dll

dbghelp: loaded successfully - version: 4.0.5 - missing functions: none
symbol engine: initialized successfully - sym options: 0x614 - pdb path: .;C:\Users\felip\OneDrive\Documentos\sts-4.17.1.RELEASE\plugins\org.eclipse.justj.openjdk.hotspot.jre.full.win32.x86_64_17.0.5.v20221102-0933\jre\bin;C:\Windows\SYSTEM32;C:\Windows\WinSxS\amd64_microsoft.windows.common-controls_6595b64144ccf1df_6.0.19041.1110_none_60b5254171f9507e;C:\Users\felip\OneDrive\Documentos\sts-4.17.1.RELEASE\plugins\org.eclipse.justj.openjdk.hotspot.jre.full.win32.x86_64_17.0.5.v20221102-0933\jre\bin\server

VM Arguments:
jvm_args: -Dcom.sun.management.jmxremote -Dcom.sun.management.jmxremote.port=63712 -Dcom.sun.management.jmxremote.authenticate=false -Dcom.sun.management.jmxremote.ssl=false -Djava.rmi.server.hostname=localhost -Dspring.jmx.enabled=true -Dmanagement.endpoints.jmx.exposure.include=* -Dspring.application.admin.enabled=true -XX:TieredStopAtLevel=1 -Dspring.boot.project.name=cmoff -Dfile.encoding=UTF-8 -XX:+ShowCodeDetailsInExceptionMessages 
java_command: com.indra.cmoff.MsCmoffApplication --spring.output.ansi.enabled=always
java_class_path (initial): D:\peluquin\ms-cmoff\target\classes;C:\Users\felip\.m2\repository\jakarta\xml\bind\jakarta.xml.bind-api\2.3.3\jakarta.xml.bind-api-2.3.3.jar;C:\Users\felip\.m2\repository\jakarta\activation\jakarta.activation-api\1.2.2\jakarta.activation-api-1.2.2.jar;C:\Users\felip\.m2\repository\org\projectlombok\lombok\1.16.14\lombok-1.16.14.jar;C:\Users\felip\.m2\repository\org\mapstruct\mapstruct\1.3.0.Final\mapstruct-1.3.0.Final.jar;C:\Users\felip\.m2\repository\org\mapstruct\mapstruct-processor\1.3.0.Final\mapstruct-processor-1.3.0.Final.jar;C:\Users\felip\.m2\repository\org\apache\commons\commons-lang3\3.12.0\commons-lang3-3.12.0.jar;C:\Users\felip\.m2\repository\javax\validation\validation-api\2.0.1.Final\validation-api-2.0.1.Final.jar;C:\Users\felip\.m2\repository\javax\annotation\javax.annotation-api\1.2\javax.annotation-api-1.2.jar;C:\Users\felip\.m2\repository\com\opencsv\opencsv\3.8\opencsv-3.8.jar;C:\Users\felip\.m2\repository\commons-beanutils\commons-beanutils\1.9.2\commons-beanutils-1.9.2.jar;C:\Users\felip\.m2\repository\commons-logging\commons-logging\1.1.1\commons-logging-1.1.1.jar;C:\Users\felip\.m2\repository\commons-collections\commons-collections\3.2.1\commons-collections-3.2.1.jar;C:\Users\felip\.m2\repository\com\github\miachm\sods\SODS\1.2.2\SODS-1.2.2.jar;C:\Users\felip\.m2\repository\org\hibernate\javax\persistence\hibernate-jpa-2.1-api\1.0.0.Final\hibernate-jpa-2.1-api-1.0.0.Final.jar;C:\Users\felip\.m2\repository\io\jsonwebtoken\jjwt\0.9.1\jjwt-0.9.1.jar;C:\Users\felip\.m2\repository\com\fasterxml\jackson\core\jackson-databind\2.13.1\jackson-databind-2.13.1.jar;C:\Users\felip\.m2\repository\com\fasterxml\jackson\core\jackson-annotations\2.13.1\jackson-annotations-2.13.1.jar;C:\Users\felip\.m2\repository\com\fasterxml\jackson\core\jackson-core\2.13.1\jackson-core-2.13.1.jar;C:\Users\felip\.m2\repository\org\springframework\boot\spring-boot-starter-data-jpa\2.6.4\spring-boot-starter-data-jpa-2.6.4.jar;C:\Users\felip\.m2\repo
Launcher Type: SUN_STANDARD

[Global flags]
     intx CICompilerCount                          = 3                                         {product} {ergonomic}
     uint ConcGCThreads                            = 1                                         {product} {ergonomic}
     uint G1ConcRefinementThreads                  = 4                                         {product} {ergonomic}
   size_t G1HeapRegionSize                         = 1048576                                   {product} {ergonomic}
    uintx GCDrainStackTargetSize                   = 64                                        {product} {ergonomic}
   size_t InitialHeapSize                          = 134217728                                 {product} {ergonomic}
     bool ManagementServer                         = true                                      {product} {command line}
   size_t MarkStackSize                            = 4194304                                   {product} {ergonomic}
   size_t MaxHeapSize                              = 2147483648                                {product} {ergonomic}
   size_t MaxNewSize                               = 1287651328                                {product} {ergonomic}
   size_t MinHeapDeltaBytes                        = 1048576                                   {product} {ergonomic}
   size_t MinHeapSize                              = 8388608                                   {product} {ergonomic}
    uintx NonProfiledCodeHeapSize                  = 0                                      {pd product} {ergonomic}
     bool ProfileInterpreter                       = false                                  {pd product} {command line}
    uintx ProfiledCodeHeapSize                     = 0                                      {pd product} {ergonomic}
     bool ShowCodeDetailsInExceptionMessages       = true                                   {manageable} {command line}
   size_t SoftMaxHeapSize                          = 2147483648                             {manageable} {ergonomic}
     intx TieredStopAtLevel                        = 1                                         {product} {command line}
     bool UseCompressedClassPointers               = true                           {product lp64_product} {ergonomic}
     bool UseCompressedOops                        = true                           {product lp64_product} {ergonomic}
     bool UseG1GC                                  = true                                      {product} {ergonomic}
     bool UseLargePagesIndividualAllocation        = false                                  {pd product} {ergonomic}

Logging:
Log output configuration:
 #0: stdout all=warning uptime,level,tags
 #1: stderr all=off uptime,level,tags

Environment Variables:
PATH=C:/Users/felip/OneDrive/Documentos/sts-4.17.1.RELEASE//plugins/org.eclipse.justj.openjdk.hotspot.jre.full.win32.x86_64_17.0.5.v20221102-0933/jre/bin/server;C:/Users/felip/OneDrive/Documentos/sts-4.17.1.RELEASE//plugins/org.eclipse.justj.openjdk.hotspot.jre.full.win32.x86_64_17.0.5.v20221102-0933/jre/bin;C:\Program Files (x86)\Common Files\Oracle\Java\javapath;C:\Windows\system32;C:\Windows;C:\Windows\System32\Wbem;C:\Windows\System32\WindowsPowerShell\v1.0\;C:\Windows\System32\OpenSSH\;C:\Program Files (x86)\Yarn\bin\;C:\Program Files\nodejs\;C:\Python27\Scripts\;C:\Python27\;C:\Program Files\Git\cmd;C:\Program Files\dotnet\;C:\Program Files (x86)\ATI Technologies\ATI.ACE\Core-Static;C:\Program Files\MySQL\MySQL Shell 8.0\bin\;C:\Users\felip\AppData\Local\Microsoft\WindowsApps;;C:\Users\felip\AppData\Local\Programs\Microsoft VS Code\bin;C:\Users\felip\AppData\Local\Yarn\bin;C:\Users\felip\AppData\Roaming\npm;C:\Users\felip\OneDrive\Documentos\sts-4.17.1.RELEASE;
USERNAME=felip
OS=Windows_NT
PROCESSOR_IDENTIFIER=AMD64 Family 16 Model 5 Stepping 3, AuthenticAMD
TMP=C:\Users\felip\AppData\Local\Temp
TEMP=C:\Users\felip\AppData\Local\Temp



---------------  S Y S T E M  ---------------

OS:
 Windows 10 , 64 bit Build 19041 (10.0.19041.2913)
OS uptime: 0 days 4:01 hours

CPU: total 4 (initial active 4) (4 cores per cpu, 1 threads per core) family 16 model 5 stepping 3 microcode 0x0, cx8, cmov, fxsr, mmx, 3dnowpref, sse, sse2, sse3, sse4a, popcnt, lzcnt, tsc, tscinvbit, clflush

Memory: 4k page, system-wide physical 8190M (1704M free)
TotalPageFile size 10238M (AvailPageFile size 15M)
current process WorkingSet (physical memory assigned to process): 255M, peak: 255M
current process commit charge ("private bytes"): 290M, peak: 291M

vm_info: OpenJDK 64-Bit Server VM (17.0.5+8) for windows-amd64 JRE (17.0.5+8), built on Oct 19 2022 04:48:13 by "temurin" with MS VC++ 16.7 (VS2019)

END.
